

Microchip Technology PIC LITE Macro Assembler V1.32 build 58300 
                                                                                               Thu Jul 31 15:30:24 2014

Microchip Technology Omniscient Code Generator (Lite mode) build 58300
     1                           	processor	12F1840
     2                           	opt	pw 120
     3                           	opt	lm
     4                           	psect	text0,local,class=CODE,merge=1,delta=2
     5                           	psect	cinit,global,class=CODE,merge=1,delta=2
     6                           	psect	bssBANK0,global,class=BANK0,space=1,delta=1
     7                           	psect	cstackCOMMON,global,class=COMMON,space=1,delta=1
     8                           	psect	cstackBANK0,global,class=BANK0,space=1,delta=1
     9                           	psect	maintext,global,class=CODE,merge=1,split=1,delta=2
    10                           	psect	text1,local,class=CODE,merge=1,delta=2
    11                           	psect	text2,local,class=CODE,merge=1,delta=2
    12                           	psect	text3,local,class=CODE,merge=1,delta=2
    13                           	psect	text4,local,class=CODE,merge=1,delta=2
    14                           	psect	text5,local,class=CODE,merge=1,delta=2
    15                           	psect	text6,local,class=CODE,merge=1,delta=2
    16                           	psect	text7,local,class=CODE,merge=1,delta=2
    17                           	psect	text8,local,class=CODE,merge=1,delta=2
    18                           	psect	text9,local,class=CODE,merge=1,delta=2
    19                           	psect	text10,local,class=CODE,merge=1,delta=2
    20                           	psect	text11,local,class=CODE,merge=1,delta=2
    21                           	psect	text12,local,class=CODE,merge=1,delta=2
    22                           	psect	text13,local,class=CODE,merge=1,delta=2
    23                           	psect	text14,local,class=CODE,merge=1,delta=2
    24                           	dabs	1,0x7E,2
    25  0000                     	;# 
    26  0001                     	;# 
    27  0002                     	;# 
    28  0003                     	;# 
    29  0004                     	;# 
    30  0005                     	;# 
    31  0006                     	;# 
    32  0007                     	;# 
    33  0008                     	;# 
    34  0009                     	;# 
    35  000A                     	;# 
    36  000B                     	;# 
    37  000C                     	;# 
    38  0011                     	;# 
    39  0012                     	;# 
    40  0015                     	;# 
    41  0016                     	;# 
    42  0016                     	;# 
    43  0017                     	;# 
    44  0018                     	;# 
    45  0019                     	;# 
    46  001A                     	;# 
    47  001B                     	;# 
    48  001C                     	;# 
    49  001E                     	;# 
    50  001F                     	;# 
    51  008C                     	;# 
    52  0091                     	;# 
    53  0092                     	;# 
    54  0095                     	;# 
    55  0096                     	;# 
    56  0097                     	;# 
    57  0098                     	;# 
    58  0099                     	;# 
    59  009A                     	;# 
    60  009B                     	;# 
    61  009B                     	;# 
    62  009C                     	;# 
    63  009D                     	;# 
    64  009E                     	;# 
    65  010C                     	;# 
    66  0111                     	;# 
    67  0112                     	;# 
    68  0115                     	;# 
    69  0116                     	;# 
    70  0117                     	;# 
    71  0118                     	;# 
    72  0119                     	;# 
    73  011A                     	;# 
    74  011B                     	;# 
    75  011D                     	;# 
    76  011D                     	;# 
    77  018C                     	;# 
    78  0191                     	;# 
    79  0191                     	;# 
    80  0192                     	;# 
    81  0193                     	;# 
    82  0193                     	;# 
    83  0193                     	;# 
    84  0194                     	;# 
    85  0195                     	;# 
    86  0196                     	;# 
    87  0197                     	;# 
    88  0199                     	;# 
    89  019A                     	;# 
    90  019B                     	;# 
    91  019B                     	;# 
    92  019B                     	;# 
    93  019B                     	;# 
    94  019C                     	;# 
    95  019C                     	;# 
    96  019D                     	;# 
    97  019E                     	;# 
    98  019F                     	;# 
    99  020C                     	;# 
   100  0211                     	;# 
   101  0211                     	;# 
   102  0212                     	;# 
   103  0212                     	;# 
   104  0213                     	;# 
   105  0213                     	;# 
   106  0214                     	;# 
   107  0214                     	;# 
   108  0215                     	;# 
   109  0215                     	;# 
   110  0215                     	;# 
   111  0216                     	;# 
   112  0216                     	;# 
   113  0217                     	;# 
   114  0217                     	;# 
   115  0291                     	;# 
   116  0291                     	;# 
   117  0292                     	;# 
   118  0293                     	;# 
   119  0294                     	;# 
   120  0295                     	;# 
   121  0295                     	;# 
   122  0296                     	;# 
   123  0391                     	;# 
   124  0392                     	;# 
   125  0393                     	;# 
   126  039A                     	;# 
   127  039C                     	;# 
   128  039D                     	;# 
   129  039E                     	;# 
   130  039F                     	;# 
   131  0FE4                     	;# 
   132  0FE5                     	;# 
   133  0FE6                     	;# 
   134  0FE7                     	;# 
   135  0FE8                     	;# 
   136  0FE9                     	;# 
   137  0FEA                     	;# 
   138  0FEB                     	;# 
   139  0FED                     	;# 
   140  0FEE                     	;# 
   141  0FEF                     	;# 
   142  0000                     	;# 
   143  0001                     	;# 
   144  0002                     	;# 
   145  0003                     	;# 
   146  0004                     	;# 
   147  0005                     	;# 
   148  0006                     	;# 
   149  0007                     	;# 
   150  0008                     	;# 
   151  0009                     	;# 
   152  000A                     	;# 
   153  000B                     	;# 
   154  000C                     	;# 
   155  0011                     	;# 
   156  0012                     	;# 
   157  0015                     	;# 
   158  0016                     	;# 
   159  0016                     	;# 
   160  0017                     	;# 
   161  0018                     	;# 
   162  0019                     	;# 
   163  001A                     	;# 
   164  001B                     	;# 
   165  001C                     	;# 
   166  001E                     	;# 
   167  001F                     	;# 
   168  008C                     	;# 
   169  0091                     	;# 
   170  0092                     	;# 
   171  0095                     	;# 
   172  0096                     	;# 
   173  0097                     	;# 
   174  0098                     	;# 
   175  0099                     	;# 
   176  009A                     	;# 
   177  009B                     	;# 
   178  009B                     	;# 
   179  009C                     	;# 
   180  009D                     	;# 
   181  009E                     	;# 
   182  010C                     	;# 
   183  0111                     	;# 
   184  0112                     	;# 
   185  0115                     	;# 
   186  0116                     	;# 
   187  0117                     	;# 
   188  0118                     	;# 
   189  0119                     	;# 
   190  011A                     	;# 
   191  011B                     	;# 
   192  011D                     	;# 
   193  011D                     	;# 
   194  018C                     	;# 
   195  0191                     	;# 
   196  0191                     	;# 
   197  0192                     	;# 
   198  0193                     	;# 
   199  0193                     	;# 
   200  0193                     	;# 
   201  0194                     	;# 
   202  0195                     	;# 
   203  0196                     	;# 
   204  0197                     	;# 
   205  0199                     	;# 
   206  019A                     	;# 
   207  019B                     	;# 
   208  019B                     	;# 
   209  019B                     	;# 
   210  019B                     	;# 
   211  019C                     	;# 
   212  019C                     	;# 
   213  019D                     	;# 
   214  019E                     	;# 
   215  019F                     	;# 
   216  020C                     	;# 
   217  0211                     	;# 
   218  0211                     	;# 
   219  0212                     	;# 
   220  0212                     	;# 
   221  0213                     	;# 
   222  0213                     	;# 
   223  0214                     	;# 
   224  0214                     	;# 
   225  0215                     	;# 
   226  0215                     	;# 
   227  0215                     	;# 
   228  0216                     	;# 
   229  0216                     	;# 
   230  0217                     	;# 
   231  0217                     	;# 
   232  0291                     	;# 
   233  0291                     	;# 
   234  0292                     	;# 
   235  0293                     	;# 
   236  0294                     	;# 
   237  0295                     	;# 
   238  0295                     	;# 
   239  0296                     	;# 
   240  0391                     	;# 
   241  0392                     	;# 
   242  0393                     	;# 
   243  039A                     	;# 
   244  039C                     	;# 
   245  039D                     	;# 
   246  039E                     	;# 
   247  039F                     	;# 
   248  0FE4                     	;# 
   249  0FE5                     	;# 
   250  0FE6                     	;# 
   251  0FE7                     	;# 
   252  0FE8                     	;# 
   253  0FE9                     	;# 
   254  0FEA                     	;# 
   255  0FEB                     	;# 
   256  0FED                     	;# 
   257  0FEE                     	;# 
   258  0FEF                     	;# 
   259  0099                     _OSCCONbits	set	153
   260  008C                     _TRISAbits	set	140
   261  018C                     _ANSELAbits	set	396
   262  0216                     _SSP1CON2	set	534
   263  0216                     _SSP1CON2bits	set	534
   264  0212                     _SSPADD	set	530
   265  0211                     _SSPBUF	set	529
   266  0215                     _SSPCON1	set	533
   267  0216                     _SSPCON2	set	534
   268  0214                     _SSPSTATbits	set	532
   269                           
   270                           	psect	text0
   271  0000                     __ptext0:	
   272                           ; #config settings
   273                           
   274                           
   275                           ;psect for function _delay_ms
   276  0000                     
   277                           	psect	cinit
   278  07FB                     start_initialization:	
   279  07FB                     __initialization:	
   280                           
   281                           ; Clear objects allocated to BANK0
   282  07FB  01AB               	clrf	__pbssBANK0& (0+127)
   283  07FC                     end_of_initialization:	
   284                           ;End of C runtime variable initialization code
   285                           
   286  07FC                     __end_of__initialization:	
   287  07FC  107E               	bcf	pic14e$flags,0	;clear compiler interrupt flag
   288  07FD  0020               	movlb	0
   289  07FE  3187  2FA9         	ljmp	_main	;jump to C main() function
   290                           
   291                           	psect	bssBANK0
   292  002B                     __pbssBANK0:	
   293  002B                     _g_slave_address_7b:	
   294  002B                     	ds	1
   295                           
   296                           	psect	cstackCOMMON
   297  0070                     __pcstackCOMMON:	
   298  0070                     ?_delay_ms:	
   299  0070                     ?_mcp23017_init:	
   300                           ; 0 bytes @ 0x0
   301                           
   302  0070                     ?_mcp23017_set_slave_addr:	
   303                           ; 0 bytes @ 0x0
   304                           
   305  0070                     ??_mcp23017_set_slave_addr:	
   306                           ; 0 bytes @ 0x0
   307                           
   308  0070                     ?_main:	
   309                           ; 0 bytes @ 0x0
   310                           
   311  0070                     ?_i2c_wait:	
   312                           ; 0 bytes @ 0x0
   313                           
   314  0070                     ??_i2c_wait:	
   315                           ; 0 bytes @ 0x0
   316                           
   317  0070                     ?_i2c_start:	
   318                           ; 0 bytes @ 0x0
   319                           
   320  0070                     ??_i2c_start:	
   321                           ; 0 bytes @ 0x0
   322                           
   323  0070                     ?_i2c_restart:	
   324                           ; 0 bytes @ 0x0
   325                           
   326  0070                     ??_i2c_restart:	
   327                           ; 0 bytes @ 0x0
   328                           
   329  0070                     ?_i2c_stop:	
   330                           ; 0 bytes @ 0x0
   331                           
   332  0070                     ??_i2c_stop:	
   333                           ; 0 bytes @ 0x0
   334                           
   335  0070                     ?_i2c_send_address:	
   336                           ; 0 bytes @ 0x0
   337                           
   338  0070                     ?_i2c_send_data:	
   339                           ; 0 bytes @ 0x0
   340                           
   341  0070                     ??_i2c_send_data:	
   342                           ; 0 bytes @ 0x0
   343                           
   344  0070                     ??_i2c_read_data:	
   345                           ; 0 bytes @ 0x0
   346                           
   347  0070                     ?_mcp23017_read_reg:	
   348                           ; 0 bytes @ 0x0
   349                           
   350  0070                     ?_i2c_read_data:	
   351                           ; 1 bytes @ 0x0
   352                           
   353  0070                     ?___lldiv:	
   354                           ; 1 bytes @ 0x0
   355                           
   356  0070                     i2c_send_address@mode:	
   357                           ; 4 bytes @ 0x0
   358                           
   359  0070                     i2c_send_data@data:	
   360                           ; 1 bytes @ 0x0
   361                           
   362  0070                     delay_ms@t_ms:	
   363                           ; 1 bytes @ 0x0
   364                           
   365  0070                     ___lldiv@divisor:	
   366                           ; 2 bytes @ 0x0
   367                           
   368                           
   369                           ; 4 bytes @ 0x0
   370  0070                     	ds	1
   371  0071                     ??_i2c_send_address:	
   372  0071                     i2c_read_data@read_data:	
   373                           ; 0 bytes @ 0x1
   374                           
   375  0071                     mcp23017_set_slave_addr@address_3b:	
   376                           ; 1 bytes @ 0x1
   377                           
   378                           
   379                           ; 1 bytes @ 0x1
   380  0071                     	ds	1
   381  0072                     ??_delay_ms:	
   382  0072                     ??_mcp23017_init:	
   383                           ; 0 bytes @ 0x2
   384                           
   385  0072                     i2c_send_address@address:	
   386                           ; 0 bytes @ 0x2
   387                           
   388  0072                     mcp23017_init@address_3b:	
   389                           ; 1 bytes @ 0x2
   390                           
   391  0072                     delay_ms@c:	
   392                           ; 1 bytes @ 0x2
   393                           
   394                           
   395                           ; 2 bytes @ 0x2
   396  0072                     	ds	1
   397  0073                     ?_mcp23017_write_reg:	
   398  0073                     ??_mcp23017_read_reg:	
   399                           ; 0 bytes @ 0x3
   400                           
   401  0073                     mcp23017_write_reg@value:	
   402                           ; 0 bytes @ 0x3
   403                           
   404                           
   405                           ; 1 bytes @ 0x3
   406  0073                     	ds	1
   407  0074                     ??_mcp23017_write_reg:	
   408  0074                     mcp23017_write_reg@reg_address:	
   409                           ; 0 bytes @ 0x4
   410                           
   411  0074                     mcp23017_read_reg@reg_address:	
   412                           ; 1 bytes @ 0x4
   413                           
   414  0074                     ___lldiv@dividend:	
   415                           ; 1 bytes @ 0x4
   416                           
   417                           
   418                           ; 4 bytes @ 0x4
   419  0074                     	ds	1
   420  0075                     mcp23017_read_reg@value:	
   421                           
   422                           ; 1 bytes @ 0x5
   423  0075                     	ds	3
   424  0078                     ??___lldiv:	
   425                           
   426                           ; 0 bytes @ 0x8
   427  0078                     	ds	1
   428  0079                     ___lldiv@quotient:	
   429                           
   430                           ; 4 bytes @ 0x9
   431  0079                     	ds	4
   432  007D                     ___lldiv@counter:	
   433                           
   434                           ; 1 bytes @ 0xD
   435  007D                     	ds	1
   436                           
   437                           	psect	cstackBANK0
   438  0020                     __pcstackBANK0:	
   439  0020                     ?_i2c_init:	
   440  0020                     i2c_init@clock_hz:	
   441                           ; 0 bytes @ 0x0
   442                           
   443                           
   444                           ; 4 bytes @ 0x0
   445  0020                     	ds	4
   446  0024                     ??_i2c_init:	
   447                           
   448                           ; 0 bytes @ 0x4
   449  0024                     	ds	4
   450  0028                     ??_main:	
   451                           
   452                           ; 0 bytes @ 0x8
   453  0028                     	ds	1
   454  0029                     main@value:	
   455                           
   456                           ; 1 bytes @ 0x9
   457  0029                     	ds	1
   458  002A                     main@c:	
   459                           
   460                           ; 1 bytes @ 0xA
   461  002A                     	ds	1
   462                           
   463                           	psect	maintext
   464  07A9                     __pmaintext:	
   465 ;;
   466 ;;Main: autosize = 0, tempsize = 1, incstack = 0, save=0
   467 ;;
   468 ;; *************** function _main *****************
   469 ;; Defined at:
   470 ;;		line 53 in file "main.c"
   471 ;; Parameters:    Size  Location     Type
   472 ;;		None
   473 ;; Auto vars:     Size  Location     Type
   474 ;;  c               1   10[BANK0 ] unsigned char 
   475 ;;  value           1    9[BANK0 ] unsigned char 
   476 ;; Return value:  Size  Location     Type
   477 ;;		None               void
   478 ;; Registers used:
   479 ;;		wreg, status,2, status,0, pclath, cstack
   480 ;; Tracked objects:
   481 ;;		On entry : 17F/0
   482 ;;		On exit  : 0/0
   483 ;;		Unchanged: 0/0
   484 ;; Data sizes:     COMMON   BANK0   BANK1   BANK2
   485 ;;      Params:         0       0       0       0
   486 ;;      Locals:         0       2       0       0
   487 ;;      Temps:          0       1       0       0
   488 ;;      Totals:         0       3       0       0
   489 ;;Total ram usage:        3 bytes
   490 ;; Hardware stack levels required when called:    3
   491 ;; This function calls:
   492 ;;		_delay_ms
   493 ;;		_i2c_init
   494 ;;		_mcp23017_init
   495 ;;		_mcp23017_read_reg
   496 ;;		_mcp23017_write_reg
   497 ;; This function is called by:
   498 ;;		Startup code after reset
   499 ;; This function uses a non-reentrant model
   500 ;;
   501                           
   502                           
   503                           ;psect for function _main
   504  07A9                     _main:	
   505                           
   506                           ;main.c: 54: OSCCONbits.IRCF = 0b1110; OSCCONbits.SPLLEN = 1;
   507                           
   508                           ;incstack = 0
   509                           ; Regs used in _main: [wreg+status,2+status,0+pclath+cstack]
   510  07A9  0021               	movlb	1	; select bank1
   511  07AA  0819               	movf	25,w	;volatile
   512  07AB  3987               	andlw	-121
   513  07AC  3870               	iorlw	112
   514  07AD  0099               	movwf	25	;volatile
   515  07AE  1799               	bsf	25,7	;volatile
   516                           
   517                           ;main.c: 56: delay_ms(1000);
   518  07AF  30E8               	movlw	232
   519  07B0  00F0               	movwf	delay_ms@t_ms
   520  07B1  3003               	movlw	3
   521  07B2  00F1               	movwf	delay_ms@t_ms+1
   522  07B3  3186  26D2  3187   	fcall	_delay_ms
   523                           
   524                           ;main.c: 57: i2c_init(100000);
   525  07B6  3000               	movlw	0
   526  07B7  0020               	movlb	0	; select bank0
   527  07B8  00A3               	movwf	i2c_init@clock_hz+3
   528  07B9  3001               	movlw	1
   529  07BA  00A2               	movwf	i2c_init@clock_hz+2
   530  07BB  3086               	movlw	134
   531  07BC  00A1               	movwf	i2c_init@clock_hz+1
   532  07BD  30A0               	movlw	160
   533  07BE  00A0               	movwf	i2c_init@clock_hz
   534  07BF  3187  270D  3187   	fcall	_i2c_init
   535                           
   536                           ;main.c: 58: mcp23017_init(0b001);
   537  07C2  3001               	movlw	1
   538  07C3  3186  2678  3187   	fcall	_mcp23017_init
   539                           
   540                           ;main.c: 59: mcp23017_write_reg(MCP23017_REG_IODIRA,0x00);
   541  07C6  01F3               	clrf	mcp23017_write_reg@value
   542  07C7  3000               	movlw	0
   543  07C8  3186  26BD  3187   	fcall	_mcp23017_write_reg
   544                           
   545                           ;main.c: 60: mcp23017_write_reg(MCP23017_REG_IODIRB,0x00);
   546  07CB  01F3               	clrf	mcp23017_write_reg@value
   547  07CC  3001               	movlw	1
   548  07CD  3186  26BD  3187   	fcall	_mcp23017_write_reg
   549  07D0                     l826:	
   550                           ;main.c: 62: for (;;) {
   551                           
   552                           
   553                           ;main.c: 63: uint8_t value;
   554                           ;main.c: 64: for(uint8_t c = 1; c > 0; c = c << 1){
   555  07D0  0020               	movlb	0	; select bank0
   556  07D1  01AA               	clrf	main@c
   557  07D2  0AAA               	incf	main@c,f
   558  07D3                     L1:	
   559  07D3  08AA               	movf	main@c,f
   560  07D4  1903               	btfsc	3,2
   561  07D5  2FD0               	goto	l826
   562                           
   563                           ;main.c: 65: mcp23017_write_reg(MCP23017_REG_GPIOA, c);
   564  07D6  082A               	movf	main@c,w
   565  07D7  00A8               	movwf	??_main
   566  07D8  0828               	movf	??_main,w
   567  07D9  00F3               	movwf	mcp23017_write_reg@value
   568  07DA  3012               	movlw	18
   569  07DB  3186  26BD  3187   	fcall	_mcp23017_write_reg
   570                           
   571                           ;main.c: 66: value = mcp23017_read_reg(MCP23017_REG_GPIOA);
   572  07DE  3012               	movlw	18
   573  07DF  3186  26EB  3187   	fcall	_mcp23017_read_reg
   574  07E2  0020               	movlb	0	; select bank0
   575  07E3  00A8               	movwf	??_main
   576  07E4  0828               	movf	??_main,w
   577  07E5  00A9               	movwf	main@value
   578                           
   579                           ;main.c: 67: mcp23017_write_reg(MCP23017_REG_GPIOB, value);
   580  07E6  0829               	movf	main@value,w
   581  07E7  00A8               	movwf	??_main
   582  07E8  0828               	movf	??_main,w
   583  07E9  00F3               	movwf	mcp23017_write_reg@value
   584  07EA  3013               	movlw	19
   585  07EB  3186  26BD  3187   	fcall	_mcp23017_write_reg
   586                           
   587                           ;main.c: 68: delay_ms(250);
   588  07EE  30FA               	movlw	250
   589  07EF  00F0               	movwf	delay_ms@t_ms
   590  07F0  3000               	movlw	0
   591  07F1  00F1               	movwf	delay_ms@t_ms+1
   592  07F2  3186  26D2  3187   	fcall	_delay_ms
   593  07F5  0020               	movlb	0	; select bank0
   594  07F6  352A               	lslf	main@c,w
   595  07F7  00A8               	movwf	??_main
   596  07F8  0828               	movf	??_main,w
   597  07F9  00AA               	movwf	main@c
   598  07FA  2FD3               	goto	L1
   599  07FB                     __end_of_main:	
   600                           ;main.c: 69: }
   601                           ;main.c: 70: }
   602                           
   603                           
   604                           	psect	text1
   605  06BD                     __ptext1:	
   606 ;; *************** function _mcp23017_write_reg *****************
   607 ;; Defined at:
   608 ;;		line 60 in file "mcp23017.c"
   609 ;; Parameters:    Size  Location     Type
   610 ;;  reg_address     1    wreg     unsigned char 
   611 ;;  value           1    3[COMMON] unsigned char 
   612 ;; Auto vars:     Size  Location     Type
   613 ;;  reg_address     1    4[COMMON] unsigned char 
   614 ;; Return value:  Size  Location     Type
   615 ;;		None               void
   616 ;; Registers used:
   617 ;;		wreg, status,2, status,0, pclath, cstack
   618 ;; Tracked objects:
   619 ;;		On entry : 0/0
   620 ;;		On exit  : 0/0
   621 ;;		Unchanged: 0/0
   622 ;; Data sizes:     COMMON   BANK0   BANK1   BANK2
   623 ;;      Params:         1       0       0       0
   624 ;;      Locals:         1       0       0       0
   625 ;;      Temps:          0       0       0       0
   626 ;;      Totals:         2       0       0       0
   627 ;;Total ram usage:        2 bytes
   628 ;; Hardware stack levels used:    1
   629 ;; Hardware stack levels required when called:    2
   630 ;; This function calls:
   631 ;;		_i2c_send_address
   632 ;;		_i2c_send_data
   633 ;;		_i2c_start
   634 ;;		_i2c_stop
   635 ;; This function is called by:
   636 ;;		_main
   637 ;; This function uses a non-reentrant model
   638 ;;
   639                           
   640                           
   641                           ;psect for function _mcp23017_write_reg
   642  06BD                     _mcp23017_write_reg:	
   643                           
   644                           ;incstack = 0
   645                           ; Regs used in _mcp23017_write_reg: [wreg+status,2+status,0+pclath+cstack]
   646                           ;mcp23017_write_reg@reg_address stored from wreg
   647  06BD  00F4               	movwf	mcp23017_write_reg@reg_address
   648                           
   649                           ;mcp23017.c: 62: i2c_start();
   650  06BE  3186  2682  3186   	fcall	_i2c_start
   651                           
   652                           ;mcp23017.c: 63: i2c_send_address(g_slave_address_7b, 0);
   653  06C1  01F0               	clrf	i2c_send_address@mode
   654  06C2  0020               	movlb	0	; select bank0
   655  06C3  082B               	movf	_g_slave_address_7b,w
   656  06C4  3186  26A2  3186   	fcall	_i2c_send_address
   657                           
   658                           ;mcp23017.c: 64: i2c_send_data(reg_address);
   659  06C7  0874               	movf	mcp23017_write_reg@reg_address,w
   660  06C8  3186  2693  3186   	fcall	_i2c_send_data
   661                           
   662                           ;mcp23017.c: 65: i2c_send_data(value);
   663  06CB  0873               	movf	mcp23017_write_reg@value,w
   664  06CC  3186  2693  3186   	fcall	_i2c_send_data
   665                           
   666                           ;mcp23017.c: 66: i2c_stop();
   667  06CF  3186  2687         	fcall	_i2c_stop
   668  06D1  0008               	return
   669  06D2                     __end_of_mcp23017_write_reg:	
   670                           
   671                           	psect	text2
   672  06EB                     __ptext2:	
   673 ;; *************** function _mcp23017_read_reg *****************
   674 ;; Defined at:
   675 ;;		line 69 in file "mcp23017.c"
   676 ;; Parameters:    Size  Location     Type
   677 ;;  reg_address     1    wreg     unsigned char 
   678 ;; Auto vars:     Size  Location     Type
   679 ;;  reg_address     1    4[COMMON] unsigned char 
   680 ;;  value           1    5[COMMON] unsigned char 
   681 ;; Return value:  Size  Location     Type
   682 ;;                  1    wreg      unsigned char 
   683 ;; Registers used:
   684 ;;		wreg, status,2, status,0, pclath, cstack
   685 ;; Tracked objects:
   686 ;;		On entry : 0/0
   687 ;;		On exit  : 0/0
   688 ;;		Unchanged: 0/0
   689 ;; Data sizes:     COMMON   BANK0   BANK1   BANK2
   690 ;;      Params:         0       0       0       0
   691 ;;      Locals:         2       0       0       0
   692 ;;      Temps:          1       0       0       0
   693 ;;      Totals:         3       0       0       0
   694 ;;Total ram usage:        3 bytes
   695 ;; Hardware stack levels used:    1
   696 ;; Hardware stack levels required when called:    2
   697 ;; This function calls:
   698 ;;		_i2c_read_data
   699 ;;		_i2c_restart
   700 ;;		_i2c_send_address
   701 ;;		_i2c_send_data
   702 ;;		_i2c_start
   703 ;;		_i2c_stop
   704 ;; This function is called by:
   705 ;;		_main
   706 ;; This function uses a non-reentrant model
   707 ;;
   708                           
   709                           
   710                           ;psect for function _mcp23017_read_reg
   711  06EB                     _mcp23017_read_reg:	
   712                           
   713                           ;incstack = 0
   714                           ; Regs used in _mcp23017_read_reg: [wreg+status,2+status,0+pclath+cstack]
   715                           ;mcp23017_read_reg@reg_address stored from wreg
   716  06EB  00F4               	movwf	mcp23017_read_reg@reg_address
   717                           
   718                           ;mcp23017.c: 70: uint8_t value;
   719                           ;mcp23017.c: 73: i2c_start();
   720  06EC  3186  2682  3186   	fcall	_i2c_start
   721                           
   722                           ;mcp23017.c: 74: i2c_send_address(g_slave_address_7b, 0);
   723  06EF  01F0               	clrf	i2c_send_address@mode
   724  06F0  0020               	movlb	0	; select bank0
   725  06F1  082B               	movf	_g_slave_address_7b,w
   726  06F2  3186  26A2  3186   	fcall	_i2c_send_address
   727                           
   728                           ;mcp23017.c: 75: i2c_send_data(reg_address);
   729  06F5  0874               	movf	mcp23017_read_reg@reg_address,w
   730  06F6  3186  2693  3186   	fcall	_i2c_send_data
   731                           
   732                           ;mcp23017.c: 76: i2c_restart();
   733  06F9  3186  267D  3186   	fcall	_i2c_restart
   734                           
   735                           ;mcp23017.c: 77: i2c_send_address(g_slave_address_7b, 1);
   736  06FC  01F0               	clrf	i2c_send_address@mode
   737  06FD  0AF0               	incf	i2c_send_address@mode,f
   738  06FE  0020               	movlb	0	; select bank0
   739  06FF  082B               	movf	_g_slave_address_7b,w
   740  0700  3186  26A2  3186   	fcall	_i2c_send_address
   741                           
   742                           ;mcp23017.c: 78: value = i2c_read_data();
   743  0703  3186  26AF  3186   	fcall	_i2c_read_data
   744  0706  00F3               	movwf	??_mcp23017_read_reg
   745  0707  0873               	movf	??_mcp23017_read_reg,w
   746  0708  00F5               	movwf	mcp23017_read_reg@value
   747                           
   748                           ;mcp23017.c: 79: i2c_stop();
   749  0709  3186  2687         	fcall	_i2c_stop
   750                           
   751                           ;mcp23017.c: 81: return value;
   752  070B  0875               	movf	mcp23017_read_reg@value,w
   753  070C  0008               	return
   754  070D                     __end_of_mcp23017_read_reg:	
   755                           
   756                           	psect	text3
   757  0687                     __ptext3:	
   758 ;; *************** function _i2c_stop *****************
   759 ;; Defined at:
   760 ;;		line 92 in file "pic12f1840_i2c.c"
   761 ;; Parameters:    Size  Location     Type
   762 ;;		None
   763 ;; Auto vars:     Size  Location     Type
   764 ;;		None
   765 ;; Return value:  Size  Location     Type
   766 ;;		None               void
   767 ;; Registers used:
   768 ;;		wreg, status,2, status,0, pclath, cstack
   769 ;; Tracked objects:
   770 ;;		On entry : 0/0
   771 ;;		On exit  : 0/0
   772 ;;		Unchanged: 0/0
   773 ;; Data sizes:     COMMON   BANK0   BANK1   BANK2
   774 ;;      Params:         0       0       0       0
   775 ;;      Locals:         0       0       0       0
   776 ;;      Temps:          0       0       0       0
   777 ;;      Totals:         0       0       0       0
   778 ;;Total ram usage:        0 bytes
   779 ;; Hardware stack levels used:    1
   780 ;; Hardware stack levels required when called:    1
   781 ;; This function calls:
   782 ;;		_i2c_wait
   783 ;; This function is called by:
   784 ;;		_mcp23017_write_reg
   785 ;;		_mcp23017_read_reg
   786 ;; This function uses a non-reentrant model
   787 ;;
   788                           
   789                           
   790                           ;psect for function _i2c_stop
   791  0687                     _i2c_stop:	
   792                           
   793                           ;pic12f1840_i2c.c: 93: i2c_wait();
   794                           
   795                           ;incstack = 0
   796                           ; Regs used in _i2c_stop: [wreg+status,2+status,0+pclath+cstack]
   797  0687  3186  268C         	fcall	_i2c_wait
   798                           
   799                           ;pic12f1840_i2c.c: 94: SSP1CON2bits.PEN = 1;
   800  0689  0024               	movlb	4	; select bank4
   801  068A  1516               	bsf	22,2	;volatile
   802  068B  0008               	return
   803  068C                     __end_of_i2c_stop:	
   804                           
   805                           	psect	text4
   806  0682                     __ptext4:	
   807 ;; *************** function _i2c_start *****************
   808 ;; Defined at:
   809 ;;		line 82 in file "pic12f1840_i2c.c"
   810 ;; Parameters:    Size  Location     Type
   811 ;;		None
   812 ;; Auto vars:     Size  Location     Type
   813 ;;		None
   814 ;; Return value:  Size  Location     Type
   815 ;;		None               void
   816 ;; Registers used:
   817 ;;		wreg, status,2, status,0, pclath, cstack
   818 ;; Tracked objects:
   819 ;;		On entry : 0/0
   820 ;;		On exit  : 0/0
   821 ;;		Unchanged: 0/0
   822 ;; Data sizes:     COMMON   BANK0   BANK1   BANK2
   823 ;;      Params:         0       0       0       0
   824 ;;      Locals:         0       0       0       0
   825 ;;      Temps:          0       0       0       0
   826 ;;      Totals:         0       0       0       0
   827 ;;Total ram usage:        0 bytes
   828 ;; Hardware stack levels used:    1
   829 ;; Hardware stack levels required when called:    1
   830 ;; This function calls:
   831 ;;		_i2c_wait
   832 ;; This function is called by:
   833 ;;		_mcp23017_write_reg
   834 ;;		_mcp23017_read_reg
   835 ;; This function uses a non-reentrant model
   836 ;;
   837                           
   838                           
   839                           ;psect for function _i2c_start
   840  0682                     _i2c_start:	
   841                           
   842                           ;pic12f1840_i2c.c: 83: i2c_wait();
   843                           
   844                           ;incstack = 0
   845                           ; Regs used in _i2c_start: [wreg+status,2+status,0+pclath+cstack]
   846  0682  3186  268C         	fcall	_i2c_wait
   847                           
   848                           ;pic12f1840_i2c.c: 84: SSP1CON2bits.SEN = 1;
   849  0684  0024               	movlb	4	; select bank4
   850  0685  1416               	bsf	22,0	;volatile
   851  0686  0008               	return
   852  0687                     __end_of_i2c_start:	
   853                           
   854                           	psect	text5
   855  0693                     __ptext5:	
   856 ;; *************** function _i2c_send_data *****************
   857 ;; Defined at:
   858 ;;		line 115 in file "pic12f1840_i2c.c"
   859 ;; Parameters:    Size  Location     Type
   860 ;;  data            1    wreg     unsigned char 
   861 ;; Auto vars:     Size  Location     Type
   862 ;;  data            1    0[COMMON] unsigned char 
   863 ;; Return value:  Size  Location     Type
   864 ;;		None               void
   865 ;; Registers used:
   866 ;;		wreg, status,2, status,0, pclath, cstack
   867 ;; Tracked objects:
   868 ;;		On entry : 0/0
   869 ;;		On exit  : 0/0
   870 ;;		Unchanged: 0/0
   871 ;; Data sizes:     COMMON   BANK0   BANK1   BANK2
   872 ;;      Params:         0       0       0       0
   873 ;;      Locals:         1       0       0       0
   874 ;;      Temps:          0       0       0       0
   875 ;;      Totals:         1       0       0       0
   876 ;;Total ram usage:        1 bytes
   877 ;; Hardware stack levels used:    1
   878 ;; Hardware stack levels required when called:    1
   879 ;; This function calls:
   880 ;;		_i2c_wait
   881 ;; This function is called by:
   882 ;;		_mcp23017_write_reg
   883 ;;		_mcp23017_read_reg
   884 ;; This function uses a non-reentrant model
   885 ;;
   886                           
   887                           
   888                           ;psect for function _i2c_send_data
   889  0693                     _i2c_send_data:	
   890                           
   891                           ;incstack = 0
   892                           ; Regs used in _i2c_send_data: [wreg+status,2+status,0+pclath+cstack]
   893                           ;i2c_send_data@data stored from wreg
   894  0693  00F0               	movwf	i2c_send_data@data
   895                           
   896                           ;pic12f1840_i2c.c: 116: i2c_wait();
   897  0694  3186  268C         	fcall	_i2c_wait
   898                           
   899                           ;pic12f1840_i2c.c: 117: SSPBUF = data;
   900  0696  0870               	movf	i2c_send_data@data,w
   901  0697  0024               	movlb	4	; select bank4
   902  0698  0091               	movwf	17	;volatile
   903  0699  0008               	return
   904  069A                     __end_of_i2c_send_data:	
   905                           
   906                           	psect	text6
   907  06A2                     __ptext6:	
   908 ;; *************** function _i2c_send_address *****************
   909 ;; Defined at:
   910 ;;		line 108 in file "pic12f1840_i2c.c"
   911 ;; Parameters:    Size  Location     Type
   912 ;;  address         1    wreg     unsigned char 
   913 ;;  mode            1    0[COMMON] unsigned char 
   914 ;; Auto vars:     Size  Location     Type
   915 ;;  address         1    2[COMMON] unsigned char 
   916 ;; Return value:  Size  Location     Type
   917 ;;		None               void
   918 ;; Registers used:
   919 ;;		wreg, status,2, status,0, pclath, cstack
   920 ;; Tracked objects:
   921 ;;		On entry : 0/0
   922 ;;		On exit  : 0/0
   923 ;;		Unchanged: 0/0
   924 ;; Data sizes:     COMMON   BANK0   BANK1   BANK2
   925 ;;      Params:         1       0       0       0
   926 ;;      Locals:         1       0       0       0
   927 ;;      Temps:          1       0       0       0
   928 ;;      Totals:         3       0       0       0
   929 ;;Total ram usage:        3 bytes
   930 ;; Hardware stack levels used:    1
   931 ;; Hardware stack levels required when called:    1
   932 ;; This function calls:
   933 ;;		_i2c_wait
   934 ;; This function is called by:
   935 ;;		_mcp23017_write_reg
   936 ;;		_mcp23017_read_reg
   937 ;; This function uses a non-reentrant model
   938 ;;
   939                           
   940                           
   941                           ;psect for function _i2c_send_address
   942  06A2                     _i2c_send_address:	
   943                           
   944                           ;incstack = 0
   945                           ; Regs used in _i2c_send_address: [wreg+status,2+status,0+pclath+cstack]
   946                           ;i2c_send_address@address stored from wreg
   947  06A2  00F2               	movwf	i2c_send_address@address
   948                           
   949                           ;pic12f1840_i2c.c: 109: i2c_wait();
   950  06A3  3186  268C         	fcall	_i2c_wait
   951                           
   952                           ;pic12f1840_i2c.c: 110: address <<= 1;
   953  06A5  1003               	clrc
   954  06A6  0DF2               	rlf	i2c_send_address@address,f
   955                           
   956                           ;pic12f1840_i2c.c: 111: address += mode;
   957  06A7  0870               	movf	i2c_send_address@mode,w
   958  06A8  00F1               	movwf	??_i2c_send_address
   959  06A9  0871               	movf	??_i2c_send_address,w
   960  06AA  07F2               	addwf	i2c_send_address@address,f
   961                           
   962                           ;pic12f1840_i2c.c: 112: SSPBUF = address;
   963  06AB  0872               	movf	i2c_send_address@address,w
   964  06AC  0024               	movlb	4	; select bank4
   965  06AD  0091               	movwf	17	;volatile
   966  06AE  0008               	return
   967  06AF                     __end_of_i2c_send_address:	
   968                           
   969                           	psect	text7
   970  067D                     __ptext7:	
   971 ;; *************** function _i2c_restart *****************
   972 ;; Defined at:
   973 ;;		line 87 in file "pic12f1840_i2c.c"
   974 ;; Parameters:    Size  Location     Type
   975 ;;		None
   976 ;; Auto vars:     Size  Location     Type
   977 ;;		None
   978 ;; Return value:  Size  Location     Type
   979 ;;		None               void
   980 ;; Registers used:
   981 ;;		wreg, status,2, status,0, pclath, cstack
   982 ;; Tracked objects:
   983 ;;		On entry : 0/0
   984 ;;		On exit  : 0/0
   985 ;;		Unchanged: 0/0
   986 ;; Data sizes:     COMMON   BANK0   BANK1   BANK2
   987 ;;      Params:         0       0       0       0
   988 ;;      Locals:         0       0       0       0
   989 ;;      Temps:          0       0       0       0
   990 ;;      Totals:         0       0       0       0
   991 ;;Total ram usage:        0 bytes
   992 ;; Hardware stack levels used:    1
   993 ;; Hardware stack levels required when called:    1
   994 ;; This function calls:
   995 ;;		_i2c_wait
   996 ;; This function is called by:
   997 ;;		_mcp23017_read_reg
   998 ;; This function uses a non-reentrant model
   999 ;;
  1000                           
  1001                           
  1002                           ;psect for function _i2c_restart
  1003  067D                     _i2c_restart:	
  1004                           
  1005                           ;pic12f1840_i2c.c: 88: i2c_wait();
  1006                           
  1007                           ;incstack = 0
  1008                           ; Regs used in _i2c_restart: [wreg+status,2+status,0+pclath+cstack]
  1009  067D  3186  268C         	fcall	_i2c_wait
  1010                           
  1011                           ;pic12f1840_i2c.c: 89: SSP1CON2bits.RSEN = 1;
  1012  067F  0024               	movlb	4	; select bank4
  1013  0680  1496               	bsf	22,1	;volatile
  1014  0681  0008               	return
  1015  0682                     __end_of_i2c_restart:	
  1016                           
  1017                           	psect	text8
  1018  06AF                     __ptext8:	
  1019 ;; *************** function _i2c_read_data *****************
  1020 ;; Defined at:
  1021 ;;		line 120 in file "pic12f1840_i2c.c"
  1022 ;; Parameters:    Size  Location     Type
  1023 ;;		None
  1024 ;; Auto vars:     Size  Location     Type
  1025 ;;  read_data       1    1[COMMON] unsigned char 
  1026 ;; Return value:  Size  Location     Type
  1027 ;;                  1    wreg      unsigned char 
  1028 ;; Registers used:
  1029 ;;		wreg, status,2, status,0, pclath, cstack
  1030 ;; Tracked objects:
  1031 ;;		On entry : 0/0
  1032 ;;		On exit  : 0/0
  1033 ;;		Unchanged: 0/0
  1034 ;; Data sizes:     COMMON   BANK0   BANK1   BANK2
  1035 ;;      Params:         0       0       0       0
  1036 ;;      Locals:         1       0       0       0
  1037 ;;      Temps:          1       0       0       0
  1038 ;;      Totals:         2       0       0       0
  1039 ;;Total ram usage:        2 bytes
  1040 ;; Hardware stack levels used:    1
  1041 ;; Hardware stack levels required when called:    1
  1042 ;; This function calls:
  1043 ;;		_i2c_wait
  1044 ;; This function is called by:
  1045 ;;		_mcp23017_read_reg
  1046 ;; This function uses a non-reentrant model
  1047 ;;
  1048                           
  1049                           
  1050                           ;psect for function _i2c_read_data
  1051  06AF                     _i2c_read_data:	
  1052                           
  1053                           ;pic12f1840_i2c.c: 121: uint8_t read_data;
  1054                           ;pic12f1840_i2c.c: 123: i2c_wait();
  1055                           
  1056                           ;incstack = 0
  1057                           ; Regs used in _i2c_read_data: [wreg+status,2+status,0+pclath+cstack]
  1058  06AF  3186  268C  3186   	fcall	_i2c_wait
  1059                           
  1060                           ;pic12f1840_i2c.c: 124: SSP1CON2bits.RCEN = 1;
  1061  06B2  0024               	movlb	4	; select bank4
  1062  06B3  1596               	bsf	22,3	;volatile
  1063                           
  1064                           ;pic12f1840_i2c.c: 125: i2c_wait();
  1065  06B4  3186  268C         	fcall	_i2c_wait
  1066                           
  1067                           ;pic12f1840_i2c.c: 126: read_data = SSPBUF;
  1068  06B6  0024               	movlb	4	; select bank4
  1069  06B7  0811               	movf	17,w	;volatile
  1070  06B8  00F0               	movwf	??_i2c_read_data
  1071  06B9  0870               	movf	??_i2c_read_data,w
  1072  06BA  00F1               	movwf	i2c_read_data@read_data
  1073                           
  1074                           ;pic12f1840_i2c.c: 128: return read_data;
  1075  06BB  0871               	movf	i2c_read_data@read_data,w
  1076  06BC  0008               	return
  1077  06BD                     __end_of_i2c_read_data:	
  1078                           
  1079                           	psect	text9
  1080  068C                     __ptext9:	
  1081 ;; *************** function _i2c_wait *****************
  1082 ;; Defined at:
  1083 ;;		line 76 in file "pic12f1840_i2c.c"
  1084 ;; Parameters:    Size  Location     Type
  1085 ;;		None
  1086 ;; Auto vars:     Size  Location     Type
  1087 ;;		None
  1088 ;; Return value:  Size  Location     Type
  1089 ;;		None               void
  1090 ;; Registers used:
  1091 ;;		wreg, status,2
  1092 ;; Tracked objects:
  1093 ;;		On entry : 0/0
  1094 ;;		On exit  : 0/0
  1095 ;;		Unchanged: 0/0
  1096 ;; Data sizes:     COMMON   BANK0   BANK1   BANK2
  1097 ;;      Params:         0       0       0       0
  1098 ;;      Locals:         0       0       0       0
  1099 ;;      Temps:          0       0       0       0
  1100 ;;      Totals:         0       0       0       0
  1101 ;;Total ram usage:        0 bytes
  1102 ;; Hardware stack levels used:    1
  1103 ;; This function calls:
  1104 ;;		Nothing
  1105 ;; This function is called by:
  1106 ;;		_i2c_start
  1107 ;;		_i2c_restart
  1108 ;;		_i2c_stop
  1109 ;;		_i2c_send_address
  1110 ;;		_i2c_send_data
  1111 ;;		_i2c_read_data
  1112 ;;		_i2c_send_ack
  1113 ;;		_i2c_read_ack
  1114 ;; This function uses a non-reentrant model
  1115 ;;
  1116                           
  1117                           
  1118                           ;psect for function _i2c_wait
  1119  068C                     _i2c_wait:	
  1120  068C                     l708:	
  1121                           ;pic12f1840_i2c.c: 79: while ((SSP1CON2 & 0x1F) || (SSPSTATbits.R_nW));
  1122                           
  1123                           ;incstack = 0
  1124                           ; Regs used in _i2c_wait: [wreg+status,2]
  1125                           
  1126  068C  0024               	movlb	4	; select bank4
  1127  068D  0816               	movf	22,w	;volatile
  1128  068E  391F               	andlw	31
  1129  068F  1903               	btfsc	3,2
  1130  0690  1914               	btfsc	20,2	;volatile
  1131  0691  2E8C               	goto	l708
  1132  0692  0008               	return
  1133  0693                     __end_of_i2c_wait:	
  1134                           
  1135                           	psect	text10
  1136  0678                     __ptext10:	
  1137 ;; *************** function _mcp23017_init *****************
  1138 ;; Defined at:
  1139 ;;		line 50 in file "mcp23017.c"
  1140 ;; Parameters:    Size  Location     Type
  1141 ;;  address_3b      1    wreg     unsigned char 
  1142 ;; Auto vars:     Size  Location     Type
  1143 ;;  address_3b      1    2[COMMON] unsigned char 
  1144 ;; Return value:  Size  Location     Type
  1145 ;;		None               void
  1146 ;; Registers used:
  1147 ;;		wreg, status,2, status,0, pclath, cstack
  1148 ;; Tracked objects:
  1149 ;;		On entry : 0/0
  1150 ;;		On exit  : 0/0
  1151 ;;		Unchanged: 0/0
  1152 ;; Data sizes:     COMMON   BANK0   BANK1   BANK2
  1153 ;;      Params:         0       0       0       0
  1154 ;;      Locals:         1       0       0       0
  1155 ;;      Temps:          0       0       0       0
  1156 ;;      Totals:         1       0       0       0
  1157 ;;Total ram usage:        1 bytes
  1158 ;; Hardware stack levels used:    1
  1159 ;; Hardware stack levels required when called:    1
  1160 ;; This function calls:
  1161 ;;		_mcp23017_set_slave_addr
  1162 ;; This function is called by:
  1163 ;;		_main
  1164 ;; This function uses a non-reentrant model
  1165 ;;
  1166                           
  1167                           
  1168                           ;psect for function _mcp23017_init
  1169  0678                     _mcp23017_init:	
  1170                           
  1171                           ;incstack = 0
  1172                           ; Regs used in _mcp23017_init: [wreg+status,2+status,0+pclath+cstack]
  1173                           ;mcp23017_init@address_3b stored from wreg
  1174  0678  00F2               	movwf	mcp23017_init@address_3b
  1175                           
  1176                           ;mcp23017.c: 52: mcp23017_set_slave_addr(address_3b);
  1177  0679  0872               	movf	mcp23017_init@address_3b,w
  1178  067A  3186  269A         	fcall	_mcp23017_set_slave_addr
  1179  067C  0008               	return
  1180  067D                     __end_of_mcp23017_init:	
  1181                           
  1182                           	psect	text11
  1183  069A                     __ptext11:	
  1184 ;; *************** function _mcp23017_set_slave_addr *****************
  1185 ;; Defined at:
  1186 ;;		line 55 in file "mcp23017.c"
  1187 ;; Parameters:    Size  Location     Type
  1188 ;;  address_3b      1    wreg     unsigned char 
  1189 ;; Auto vars:     Size  Location     Type
  1190 ;;  address_3b      1    1[COMMON] unsigned char 
  1191 ;; Return value:  Size  Location     Type
  1192 ;;		None               void
  1193 ;; Registers used:
  1194 ;;		wreg, status,2
  1195 ;; Tracked objects:
  1196 ;;		On entry : 0/0
  1197 ;;		On exit  : 0/0
  1198 ;;		Unchanged: 0/0
  1199 ;; Data sizes:     COMMON   BANK0   BANK1   BANK2
  1200 ;;      Params:         0       0       0       0
  1201 ;;      Locals:         1       0       0       0
  1202 ;;      Temps:          1       0       0       0
  1203 ;;      Totals:         2       0       0       0
  1204 ;;Total ram usage:        2 bytes
  1205 ;; Hardware stack levels used:    1
  1206 ;; This function calls:
  1207 ;;		Nothing
  1208 ;; This function is called by:
  1209 ;;		_mcp23017_init
  1210 ;; This function uses a non-reentrant model
  1211 ;;
  1212                           
  1213                           
  1214                           ;psect for function _mcp23017_set_slave_addr
  1215  069A                     _mcp23017_set_slave_addr:	
  1216                           
  1217                           ;incstack = 0
  1218                           ; Regs used in _mcp23017_set_slave_addr: [wreg+status,2]
  1219                           ;mcp23017_set_slave_addr@address_3b stored from wreg
  1220  069A  00F1               	movwf	mcp23017_set_slave_addr@address_3b
  1221                           
  1222                           ;mcp23017.c: 57: g_slave_address_7b = (0b0100 << 3) | address_3b;
  1223  069B  0871               	movf	mcp23017_set_slave_addr@address_3b,w
  1224  069C  3820               	iorlw	32
  1225  069D  00F0               	movwf	??_mcp23017_set_slave_addr
  1226  069E  0870               	movf	??_mcp23017_set_slave_addr,w
  1227  069F  0020               	movlb	0	; select bank0
  1228  06A0  00AB               	movwf	_g_slave_address_7b
  1229  06A1  0008               	return
  1230  06A2                     __end_of_mcp23017_set_slave_addr:	
  1231                           
  1232                           	psect	text12
  1233  070D                     __ptext12:	
  1234 ;; *************** function _i2c_init *****************
  1235 ;; Defined at:
  1236 ;;		line 51 in file "pic12f1840_i2c.c"
  1237 ;; Parameters:    Size  Location     Type
  1238 ;;  clock_hz        4    0[BANK0 ] unsigned long 
  1239 ;; Auto vars:     Size  Location     Type
  1240 ;;		None
  1241 ;; Return value:  Size  Location     Type
  1242 ;;		None               void
  1243 ;; Registers used:
  1244 ;;		wreg, status,2, status,0, pclath, cstack
  1245 ;; Tracked objects:
  1246 ;;		On entry : 0/0
  1247 ;;		On exit  : 0/0
  1248 ;;		Unchanged: 0/0
  1249 ;; Data sizes:     COMMON   BANK0   BANK1   BANK2
  1250 ;;      Params:         0       4       0       0
  1251 ;;      Locals:         0       0       0       0
  1252 ;;      Temps:          0       4       0       0
  1253 ;;      Totals:         0       8       0       0
  1254 ;;Total ram usage:        8 bytes
  1255 ;; Hardware stack levels used:    1
  1256 ;; Hardware stack levels required when called:    1
  1257 ;; This function calls:
  1258 ;;		___lldiv
  1259 ;; This function is called by:
  1260 ;;		_main
  1261 ;; This function uses a non-reentrant model
  1262 ;;
  1263                           
  1264                           
  1265                           ;psect for function _i2c_init
  1266  070D                     _i2c_init:	
  1267                           
  1268                           ;pic12f1840_i2c.c: 53: ANSELAbits.ANSA1 = 0; TRISAbits.TRISA1 = 1;
  1269                           
  1270                           ;incstack = 0
  1271                           ; Regs used in _i2c_init: [wreg+status,2+status,0+pclath+cstack]
  1272  070D  0023               	movlb	3	; select bank3
  1273  070E  108C               	bcf	12,1	;volatile
  1274  070F  0021               	movlb	1	; select bank1
  1275  0710  148C               	bsf	12,1	;volatile
  1276                           
  1277                           ;pic12f1840_i2c.c: 54: ANSELAbits.ANSA2 = 0; TRISAbits.TRISA2 = 1;
  1278  0711  0023               	movlb	3	; select bank3
  1279  0712  110C               	bcf	12,2	;volatile
  1280  0713  0021               	movlb	1	; select bank1
  1281  0714  150C               	bsf	12,2	;volatile
  1282                           
  1283                           ;pic12f1840_i2c.c: 57: SSPCON1 = 0b00101000;
  1284  0715  3028               	movlw	40
  1285  0716  0024               	movlb	4	; select bank4
  1286  0717  0095               	movwf	21	;volatile
  1287                           
  1288                           ;pic12f1840_i2c.c: 58: SSPCON2 = 0x00;
  1289  0718  0196               	clrf	22	;volatile
  1290                           
  1291                           ;pic12f1840_i2c.c: 64: SSPADD = (uint8_t) ((32000000UL) / (4 * clock_hz)) - 1;
  1292  0719  0020               	movlb	0	; select bank0
  1293  071A  0820               	movf	i2c_init@clock_hz,w
  1294  071B  00A4               	movwf	??_i2c_init
  1295  071C  0821               	movf	i2c_init@clock_hz+1,w
  1296  071D  00A5               	movwf	??_i2c_init+1
  1297  071E  0822               	movf	i2c_init@clock_hz+2,w
  1298  071F  00A6               	movwf	??_i2c_init+2
  1299  0720  0823               	movf	i2c_init@clock_hz+3,w
  1300  0721  00A7               	movwf	??_i2c_init+3
  1301  0722  3002               	movlw	2
  1302  0723                     u315:	
  1303  0723  35A4               	lslf	??_i2c_init,f
  1304  0724  0DA5               	rlf	??_i2c_init+1,f
  1305  0725  0DA6               	rlf	??_i2c_init+2,f
  1306  0726  0DA7               	rlf	??_i2c_init+3,f
  1307  0727  0B89               	decfsz	9,f
  1308  0728  2F23               	goto	u315
  1309  0729  0827               	movf	??_i2c_init+3,w
  1310  072A  00F3               	movwf	___lldiv@divisor+3
  1311  072B  0826               	movf	??_i2c_init+2,w
  1312  072C  00F2               	movwf	___lldiv@divisor+2
  1313  072D  0825               	movf	??_i2c_init+1,w
  1314  072E  00F1               	movwf	___lldiv@divisor+1
  1315  072F  0824               	movf	??_i2c_init,w
  1316  0730  00F0               	movwf	___lldiv@divisor
  1317  0731  3001               	movlw	1
  1318  0732  00F7               	movwf	___lldiv@dividend+3
  1319  0733  30E8               	movlw	232
  1320  0734  00F6               	movwf	___lldiv@dividend+2
  1321  0735  3048               	movlw	72
  1322  0736  00F5               	movwf	___lldiv@dividend+1
  1323  0737  3000               	movlw	0
  1324  0738  00F4               	movwf	___lldiv@dividend
  1325  0739  3187  2757  3187   	fcall	___lldiv
  1326  073C  0870               	movf	?___lldiv,w
  1327  073D  3EFF               	addlw	255
  1328  073E  0024               	movlb	4	; select bank4
  1329  073F  0092               	movwf	18	;volatile
  1330                           
  1331                           ;pic12f1840_i2c.c: 69: if (clock_hz == 400000) {
  1332  0740  3000               	movlw	0
  1333  0741  0020               	movlb	0	; select bank0
  1334  0742  0623               	xorwf	i2c_init@clock_hz+3,w
  1335  0743  1D03               	skipz
  1336  0744  2F4F               	goto	u325
  1337  0745  3006               	movlw	6
  1338  0746  0622               	xorwf	i2c_init@clock_hz+2,w
  1339  0747  1D03               	skipz
  1340  0748  2F4F               	goto	u325
  1341  0749  301A               	movlw	26
  1342  074A  0621               	xorwf	i2c_init@clock_hz+1,w
  1343  074B  1D03               	skipz
  1344  074C  2F4F               	goto	u325
  1345  074D  3080               	movlw	128
  1346  074E  0620               	xorwf	i2c_init@clock_hz,w
  1347  074F                     u325:	
  1348  074F  1D03               	skipz
  1349  0750  2F54               	goto	l47
  1350                           
  1351                           ;pic12f1840_i2c.c: 70: SSPSTATbits.SMP = 0;
  1352  0751  0024               	movlb	4	; select bank4
  1353  0752  1394               	bcf	20,7	;volatile
  1354                           
  1355                           ;pic12f1840_i2c.c: 71: } else {
  1356  0753  0008               	return
  1357  0754                     l47:	
  1358                           
  1359                           ;pic12f1840_i2c.c: 72: SSPSTATbits.SMP = 1;
  1360  0754  0024               	movlb	4	; select bank4
  1361  0755  1794               	bsf	20,7	;volatile
  1362  0756  0008               	return
  1363  0757                     __end_of_i2c_init:	
  1364                           
  1365                           	psect	text13
  1366  0757                     __ptext13:	
  1367 ;; *************** function ___lldiv *****************
  1368 ;; Defined at:
  1369 ;;		line 6 in file "C:\Program Files (x86)\Microchip\xc8\v1.32 - PRO\sources\common\lldiv.c"
  1370 ;; Parameters:    Size  Location     Type
  1371 ;;  divisor         4    0[COMMON] unsigned long 
  1372 ;;  dividend        4    4[COMMON] unsigned long 
  1373 ;; Auto vars:     Size  Location     Type
  1374 ;;  quotient        4    9[COMMON] unsigned long 
  1375 ;;  counter         1   13[COMMON] unsigned char 
  1376 ;; Return value:  Size  Location     Type
  1377 ;;                  4    0[COMMON] unsigned long 
  1378 ;; Registers used:
  1379 ;;		wreg, status,2, status,0
  1380 ;; Tracked objects:
  1381 ;;		On entry : 0/0
  1382 ;;		On exit  : 0/0
  1383 ;;		Unchanged: 0/0
  1384 ;; Data sizes:     COMMON   BANK0   BANK1   BANK2
  1385 ;;      Params:         8       0       0       0
  1386 ;;      Locals:         5       0       0       0
  1387 ;;      Temps:          1       0       0       0
  1388 ;;      Totals:        14       0       0       0
  1389 ;;Total ram usage:       14 bytes
  1390 ;; Hardware stack levels used:    1
  1391 ;; This function calls:
  1392 ;;		Nothing
  1393 ;; This function is called by:
  1394 ;;		_i2c_init
  1395 ;; This function uses a non-reentrant model
  1396 ;;
  1397                           
  1398                           
  1399                           ;psect for function ___lldiv
  1400  0757                     ___lldiv:	
  1401                           
  1402                           ;incstack = 0
  1403                           ; Regs used in ___lldiv: [wreg+status,2+status,0]
  1404  0757  3000               	movlw	0
  1405  0758  00FC               	movwf	___lldiv@quotient+3
  1406  0759  3000               	movlw	0
  1407  075A  00FB               	movwf	___lldiv@quotient+2
  1408  075B  3000               	movlw	0
  1409  075C  00FA               	movwf	___lldiv@quotient+1
  1410  075D  3000               	movlw	0
  1411  075E  00F9               	movwf	___lldiv@quotient
  1412  075F  0873               	movf	___lldiv@divisor+3,w
  1413  0760  0472               	iorwf	___lldiv@divisor+2,w
  1414  0761  0471               	iorwf	___lldiv@divisor+1,w
  1415  0762  0470               	iorwf	___lldiv@divisor,w
  1416  0763  1903               	skipnz
  1417  0764  2FA0               	goto	l768
  1418  0765  01FD               	clrf	___lldiv@counter
  1419  0766  0AFD               	incf	___lldiv@counter,f
  1420  0767                     l754:	
  1421  0767  1BF3               	btfsc	___lldiv@divisor+3,7
  1422  0768  2F75               	goto	l756
  1423  0769  3001               	movlw	1
  1424  076A                     u215:	
  1425  076A  35F0               	lslf	___lldiv@divisor,f
  1426  076B  0DF1               	rlf	___lldiv@divisor+1,f
  1427  076C  0DF2               	rlf	___lldiv@divisor+2,f
  1428  076D  0DF3               	rlf	___lldiv@divisor+3,f
  1429  076E  0B89               	decfsz	9,f
  1430  076F  2F6A               	goto	u215
  1431  0770  3001               	movlw	1
  1432  0771  00F8               	movwf	??___lldiv
  1433  0772  0878               	movf	??___lldiv,w
  1434  0773  07FD               	addwf	___lldiv@counter,f
  1435  0774  2F67               	goto	l754
  1436  0775                     l756:	
  1437  0775  3001               	movlw	1
  1438  0776                     u235:	
  1439  0776  35F9               	lslf	___lldiv@quotient,f
  1440  0777  0DFA               	rlf	___lldiv@quotient+1,f
  1441  0778  0DFB               	rlf	___lldiv@quotient+2,f
  1442  0779  0DFC               	rlf	___lldiv@quotient+3,f
  1443  077A  0B89               	decfsz	9,f
  1444  077B  2F76               	goto	u235
  1445  077C  0873               	movf	___lldiv@divisor+3,w
  1446  077D  0277               	subwf	___lldiv@dividend+3,w
  1447  077E  1D03               	skipz
  1448  077F  2F8A               	goto	u245
  1449  0780  0872               	movf	___lldiv@divisor+2,w
  1450  0781  0276               	subwf	___lldiv@dividend+2,w
  1451  0782  1D03               	skipz
  1452  0783  2F8A               	goto	u245
  1453  0784  0871               	movf	___lldiv@divisor+1,w
  1454  0785  0275               	subwf	___lldiv@dividend+1,w
  1455  0786  1D03               	skipz
  1456  0787  2F8A               	goto	u245
  1457  0788  0870               	movf	___lldiv@divisor,w
  1458  0789  0274               	subwf	___lldiv@dividend,w
  1459  078A                     u245:	
  1460  078A  1C03               	skipc
  1461  078B  2F95               	goto	l764
  1462  078C  0870               	movf	___lldiv@divisor,w
  1463  078D  02F4               	subwf	___lldiv@dividend,f
  1464  078E  0871               	movf	___lldiv@divisor+1,w
  1465  078F  3BF5               	subwfb	___lldiv@dividend+1,f
  1466  0790  0872               	movf	___lldiv@divisor+2,w
  1467  0791  3BF6               	subwfb	___lldiv@dividend+2,f
  1468  0792  0873               	movf	___lldiv@divisor+3,w
  1469  0793  3BF7               	subwfb	___lldiv@dividend+3,f
  1470  0794  1479               	bsf	___lldiv@quotient,0
  1471  0795                     l764:	
  1472  0795  3001               	movlw	1
  1473  0796                     u255:	
  1474  0796  36F3               	lsrf	___lldiv@divisor+3,f
  1475  0797  0CF2               	rrf	___lldiv@divisor+2,f
  1476  0798  0CF1               	rrf	___lldiv@divisor+1,f
  1477  0799  0CF0               	rrf	___lldiv@divisor,f
  1478  079A  0B89               	decfsz	9,f
  1479  079B  2F96               	goto	u255
  1480  079C  3001               	movlw	1
  1481  079D  02FD               	subwf	___lldiv@counter,f
  1482  079E  1D03               	btfss	3,2
  1483  079F  2F75               	goto	l756
  1484  07A0                     l768:	
  1485  07A0  087C               	movf	___lldiv@quotient+3,w
  1486  07A1  00F3               	movwf	?___lldiv+3
  1487  07A2  087B               	movf	___lldiv@quotient+2,w
  1488  07A3  00F2               	movwf	?___lldiv+2
  1489  07A4  087A               	movf	___lldiv@quotient+1,w
  1490  07A5  00F1               	movwf	?___lldiv+1
  1491  07A6  0879               	movf	___lldiv@quotient,w
  1492  07A7  00F0               	movwf	?___lldiv
  1493  07A8  0008               	return
  1494  07A9                     __end_of___lldiv:	
  1495                           
  1496                           	psect	text14
  1497  06D2                     __ptext14:	
  1498 ;; *************** function _delay_ms *****************
  1499 ;; Defined at:
  1500 ;;		line 73 in file "main.c"
  1501 ;; Parameters:    Size  Location     Type
  1502 ;;  t_ms            2    0[COMMON] unsigned int 
  1503 ;; Auto vars:     Size  Location     Type
  1504 ;;  c               2    2[COMMON] unsigned int 
  1505 ;; Return value:  Size  Location     Type
  1506 ;;		None               void
  1507 ;; Registers used:
  1508 ;;		wreg, status,2, status,0
  1509 ;; Tracked objects:
  1510 ;;		On entry : 0/0
  1511 ;;		On exit  : 0/0
  1512 ;;		Unchanged: 0/0
  1513 ;; Data sizes:     COMMON   BANK0   BANK1   BANK2
  1514 ;;      Params:         2       0       0       0
  1515 ;;      Locals:         2       0       0       0
  1516 ;;      Temps:          0       0       0       0
  1517 ;;      Totals:         4       0       0       0
  1518 ;;Total ram usage:        4 bytes
  1519 ;; Hardware stack levels used:    1
  1520 ;; This function calls:
  1521 ;;		Nothing
  1522 ;; This function is called by:
  1523 ;;		_main
  1524 ;; This function uses a non-reentrant model
  1525 ;;
  1526                           
  1527                           
  1528                           ;psect for function _delay_ms
  1529  06D2                     _delay_ms:	
  1530                           
  1531                           ;incstack = 0
  1532                           ; Regs used in _delay_ms: [wreg+status,2+status,0]
  1533  06D2  0871               	movf	delay_ms@t_ms+1,w
  1534  06D3  0470               	iorwf	delay_ms@t_ms,w
  1535  06D4  1903               	btfsc	3,2
  1536  06D5  0008               	return
  1537                           
  1538                           ;main.c: 75: for (uint16_t c = 886; c > 0; c--);
  1539  06D6  3076               	movlw	118
  1540  06D7  00F2               	movwf	delay_ms@c
  1541  06D8  3003               	movlw	3
  1542  06D9  00F3               	movwf	delay_ms@c+1
  1543  06DA  0873               	movf	delay_ms@c+1,w
  1544  06DB  0472               	iorwf	delay_ms@c,w
  1545  06DC  1903               	btfsc	3,2
  1546  06DD  2EE6               	goto	l786
  1547  06DE                     l782:	
  1548  06DE  3001               	movlw	1
  1549  06DF  02F2               	subwf	delay_ms@c,f
  1550  06E0  3000               	movlw	0
  1551  06E1  3BF3               	subwfb	delay_ms@c+1,f
  1552  06E2  0873               	movf	delay_ms@c+1,w
  1553  06E3  0472               	iorwf	delay_ms@c,w
  1554  06E4  1D03               	skipz
  1555  06E5  2EDE               	goto	l782
  1556  06E6                     l786:	
  1557  06E6  3001               	movlw	1
  1558  06E7  02F0               	subwf	delay_ms@t_ms,f
  1559  06E8  3000               	movlw	0
  1560  06E9  3BF1               	subwfb	delay_ms@t_ms+1,f
  1561  06EA  2ED2               	goto	_delay_ms
  1562  06EB                     __end_of_delay_ms:	
  1563  007E                     btemp	set	126	;btemp
  1564  007E                     pic14e$flags	set	126
  1565  007E                     wtemp	set	126
  1566  007E                     wtemp0	set	126
  1567  0080                     wtemp1	set	128
  1568  0082                     wtemp2	set	130
  1569  0084                     wtemp3	set	132
  1570  0086                     wtemp4	set	134
  1571  0088                     wtemp5	set	136
  1572  007F                     wtemp6	set	127
  1573  007E                     ttemp	set	126
  1574  007E                     ttemp0	set	126
  1575  0081                     ttemp1	set	129
  1576  0084                     ttemp2	set	132
  1577  0087                     ttemp3	set	135
  1578  007F                     ttemp4	set	127
  1579  007E                     ltemp	set	126
  1580  007E                     ltemp0	set	126
  1581  0082                     ltemp1	set	130
  1582  0086                     ltemp2	set	134
  1583  0080                     ltemp3	set	128


Data Sizes:
    Strings     0
    Constant    0
    Data        0
    BSS         1
    Persistent  0
    Stack       0

Auto Spaces:
    Space          Size  Autos    Used
    COMMON           14     14      14
    BANK0            80     11      12
    BANK1            80      0       0
    BANK2            80      0       0

Pointer List with Targets:

    None.

Critical Paths under _main in COMMON

    _mcp23017_write_reg->_i2c_send_address
    _mcp23017_read_reg->_i2c_send_address
    _mcp23017_init->_mcp23017_set_slave_addr
    _i2c_init->___lldiv

Critical Paths under _main in BANK0

    _main->_i2c_init

Critical Paths under _main in BANK1

    None.

Critical Paths under _main in BANK2

    None.

Call Graph Tables:

 ---------------------------------------------------------------------------------
 (Depth) Function   	        Calls       Base Space   Used Autos Params    Refs
 ---------------------------------------------------------------------------------
 (0) _main                                                 3     3      0    1662
                                              8 BANK0      3     3      0
                           _delay_ms
                           _i2c_init
                      _mcp23017_init
                  _mcp23017_read_reg
                 _mcp23017_write_reg
 ---------------------------------------------------------------------------------
 (1) _mcp23017_write_reg                                   2     1      1     560
                                              3 COMMON     2     1      1
                   _i2c_send_address
                      _i2c_send_data
                          _i2c_start
                           _i2c_stop
 ---------------------------------------------------------------------------------
 (1) _mcp23017_read_reg                                    3     3      0     328
                                              3 COMMON     3     3      0
                      _i2c_read_data
                        _i2c_restart
                   _i2c_send_address
                      _i2c_send_data
                          _i2c_start
                           _i2c_stop
 ---------------------------------------------------------------------------------
 (2) _i2c_stop                                             0     0      0       0
                           _i2c_wait
 ---------------------------------------------------------------------------------
 (2) _i2c_start                                            0     0      0       0
                           _i2c_wait
 ---------------------------------------------------------------------------------
 (2) _i2c_send_data                                        1     1      0      22
                                              0 COMMON     1     1      0
                           _i2c_wait
 ---------------------------------------------------------------------------------
 (2) _i2c_send_address                                     3     2      1     238
                                              0 COMMON     3     2      1
                           _i2c_wait
 ---------------------------------------------------------------------------------
 (2) _i2c_restart                                          0     0      0       0
                           _i2c_wait
 ---------------------------------------------------------------------------------
 (2) _i2c_read_data                                        2     2      0      23
                                              0 COMMON     2     2      0
                           _i2c_wait
 ---------------------------------------------------------------------------------
 (3) _i2c_wait                                             0     0      0       0
 ---------------------------------------------------------------------------------
 (1) _mcp23017_init                                        1     1      0      44
                                              2 COMMON     1     1      0
            _mcp23017_set_slave_addr
 ---------------------------------------------------------------------------------
 (2) _mcp23017_set_slave_addr                              2     2      0      22
                                              0 COMMON     2     2      0
 ---------------------------------------------------------------------------------
 (1) _i2c_init                                             8     4      4     398
                                              0 BANK0      8     4      4
                            ___lldiv
 ---------------------------------------------------------------------------------
 (2) ___lldiv                                             14     6      8     290
                                              0 COMMON    14     6      8
 ---------------------------------------------------------------------------------
 (1) _delay_ms                                             4     2      2     219
                                              0 COMMON     4     2      2
 ---------------------------------------------------------------------------------
 Estimated maximum stack depth 3
 ---------------------------------------------------------------------------------

 Call Graph Graphs:

 _main (ROOT)
   _delay_ms
   _i2c_init
     ___lldiv
   _mcp23017_init
     _mcp23017_set_slave_addr
   _mcp23017_read_reg
     _i2c_read_data
       _i2c_wait
     _i2c_restart
       _i2c_wait
     _i2c_send_address
       _i2c_wait
     _i2c_send_data
       _i2c_wait
     _i2c_start
       _i2c_wait
     _i2c_stop
       _i2c_wait
   _mcp23017_write_reg
     _i2c_send_address
       _i2c_wait
     _i2c_send_data
       _i2c_wait
     _i2c_start
       _i2c_wait
     _i2c_stop
       _i2c_wait

 Address spaces:
Name               Size   Autos  Total    Cost      Usage
BIGRAM              F0      0       0       0        0.0%
EEDATA             100      0       0       0        0.0%
NULL                 0      0       0       0        0.0%
CODE                 0      0       0       0        0.0%
BITCOMMON            E      0       0       1        0.0%
BITSFR0              0      0       0       1        0.0%
SFR0                 0      0       0       1        0.0%
COMMON               E      E       E       2      100.0%
BITSFR1              0      0       0       2        0.0%
SFR1                 0      0       0       2        0.0%
BITSFR2              0      0       0       3        0.0%
SFR2                 0      0       0       3        0.0%
STACK                0      0       0       3        0.0%
BITSFR3              0      0       0       4        0.0%
SFR3                 0      0       0       4        0.0%
ABS                  0      0      1A       4        0.0%
BITBANK0            50      0       0       5        0.0%
BITSFR4              0      0       0       5        0.0%
SFR4                 0      0       0       5        0.0%
BANK0               50      B       C       6       15.0%
BITSFR5              0      0       0       6        0.0%
SFR5                 0      0       0       6        0.0%
BITBANK1            50      0       0       7        0.0%
BITSFR6              0      0       0       7        0.0%
SFR6                 0      0       0       7        0.0%
BANK1               50      0       0       8        0.0%
BITSFR7              0      0       0       8        0.0%
SFR7                 0      0       0       8        0.0%
BITBANK2            50      0       0       9        0.0%
BITSFR8              0      0       0       9        0.0%
SFR8                 0      0       0       9        0.0%
BANK2               50      0       0      10        0.0%
BITSFR9              0      0       0      10        0.0%
SFR9                 0      0       0      10        0.0%
BITSFR10             0      0       0      11        0.0%
SFR10                0      0       0      11        0.0%
DATA                 0      0      1A      11        0.0%
BITSFR11             0      0       0      12        0.0%
SFR11                0      0       0      12        0.0%
BITSFR12             0      0       0      13        0.0%
SFR12                0      0       0      13        0.0%
BITSFR13             0      0       0      14        0.0%
SFR13                0      0       0      14        0.0%
BITSFR14             0      0       0      15        0.0%
SFR14                0      0       0      15        0.0%
BITSFR15             0      0       0      16        0.0%
SFR15                0      0       0      16        0.0%
BITSFR16             0      0       0      17        0.0%
SFR16                0      0       0      17        0.0%
BITSFR17             0      0       0      18        0.0%
SFR17                0      0       0      18        0.0%
BITSFR18             0      0       0      19        0.0%
SFR18                0      0       0      19        0.0%
BITSFR19             0      0       0      20        0.0%
SFR19                0      0       0      20        0.0%
BITSFR20             0      0       0      21        0.0%
SFR20                0      0       0      21        0.0%
BITSFR21             0      0       0      22        0.0%
SFR21                0      0       0      22        0.0%
BITSFR22             0      0       0      23        0.0%
SFR22                0      0       0      23        0.0%
BITSFR23             0      0       0      24        0.0%
SFR23                0      0       0      24        0.0%
BITSFR24             0      0       0      25        0.0%
SFR24                0      0       0      25        0.0%
BITSFR25             0      0       0      26        0.0%
SFR25                0      0       0      26        0.0%
BITSFR26             0      0       0      27        0.0%
SFR26                0      0       0      27        0.0%
BITSFR27             0      0       0      28        0.0%
SFR27                0      0       0      28        0.0%
BITSFR28             0      0       0      29        0.0%
SFR28                0      0       0      29        0.0%
BITSFR29             0      0       0      30        0.0%
SFR29                0      0       0      30        0.0%
BITSFR30             0      0       0      31        0.0%
SFR30                0      0       0      31        0.0%
BITSFR31             0      0       0      32        0.0%
SFR31                0      0       0      32        0.0%


Microchip Technology PIC Macro Assembler V1.32 build 58300 
Symbol Table                                                                                   Thu Jul 31 15:30:24 2014

                      __CFG_CP$OFF 0000                        _SSPSTATbits 0214  
                               l47 0754                                l708 068C  
                              l754 0767                                l826 07D0  
                              l764 0795                                l756 0775  
                              l782 06DE                                l768 07A0  
                              l786 06E6                                u215 076A  
                              u235 0776                                u315 0723  
                              u245 078A                                u325 074F  
                              u255 0796                       __CFG_CPD$OFF 0000  
                     __CFG_BORV$LO 0000                                wreg 0009  
                     __CFG_LVP$OFF 0000                       __CFG_WRT$OFF 0000  
                    __CFG_FCMEN$ON 0000           ?_mcp23017_set_slave_addr 0070  
                    _i2c_read_data 06AF                  ?_i2c_send_address 0070  
                             _main 07A9                               btemp 007E  
                    __CFG_BOREN$ON 0000                               ltemp 007E  
               ??_i2c_send_address 0071                               start 0002  
                             ttemp 007E                               wtemp 007E  
                    __CFG_IESO$OFF 0000               i2c_send_address@mode 0070  
                    ??_i2c_restart 0070                      _i2c_send_data 0693  
       __size_of_mcp23017_read_reg 0022                              ?_main 0070  
                    __CFG_WDTE$OFF 0000                    __end_of___lldiv 07A9  
                    __CFG_PWRTE$ON 0000                              main@c 002A  
                   ?_i2c_read_data 0070                              ltemp0 007E  
                            ltemp1 0082                              ltemp2 0086  
                            ltemp3 0080                              ttemp0 007E  
                            ttemp1 0081                              ttemp2 0084  
                            ttemp3 0087                              ttemp4 007F  
                            status 0003                              wtemp0 007E  
                            wtemp1 0080                              wtemp2 0082  
                            wtemp3 0084                              wtemp4 0086  
                            wtemp5 0088                              wtemp6 007F  
          mcp23017_write_reg@value 0073                     ?_i2c_send_data 0070  
                   __CFG_MCLRE$OFF 0000                    __initialization 07FB  
                     __end_of_main 07FB                   __end_of_i2c_init 0757  
                 __end_of_i2c_wait 0693                   __end_of_i2c_stop 068C  
              __end_of_i2c_restart 0682                             ??_main 0028  
               _g_slave_address_7b 002B            mcp23017_init@address_3b 0072  
                   __CFG_PLLEN$OFF 0000                             _SSPADD 0212  
                           _SSPBUF 0211                 __size_of_i2c_start 0005  
                 __end_of_delay_ms 06EB                     __CFG_STVREN$ON 0000  
                        ??___lldiv 0078        __size_of_mcp23017_write_reg 0015  
                  ??_i2c_read_data 0070            __end_of__initialization 07FC  
                  ??_i2c_send_data 0070                     __pcstackCOMMON 0070  
           __size_of_mcp23017_init 0005                        _i2c_restart 067D  
                __end_of_i2c_start 0687                         __pbssBANK0 002B  
                        ?_i2c_init 0020                          ?_i2c_wait 0070  
                        ?_i2c_stop 0070                         __pmaintext 07A9  
 __size_of_mcp23017_set_slave_addr 0008          __size_of_i2c_send_address 000D  
                        ?_delay_ms 0070                      _mcp23017_init 0678  
                          _SSPCON1 0215                            _SSPCON2 0216  
                       ??_i2c_init 0024                         ??_i2c_wait 0070  
                       ??_i2c_stop 0070                            ___lldiv 0757  
                          __ptext0 0000                            __ptext1 06BD  
                          __ptext2 06EB                            __ptext3 0687  
                          __ptext4 0682                            __ptext5 0693  
                          __ptext6 06A2                            __ptext7 067D  
                          __ptext8 06AF                            __ptext9 068C  
                   ?_mcp23017_init 0070                         ??_delay_ms 0072  
             end_of_initialization 07FC                    ___lldiv@divisor 0070  
                  ___lldiv@counter 007D      mcp23017_write_reg@reg_address 0074  
          i2c_send_address@address 0072                   __CFG_FOSC$INTOSC 0000  
                        _TRISAbits 008C                  i2c_send_data@data 0070  
                     ?_i2c_restart 0070            _mcp23017_set_slave_addr 069A  
       __end_of_mcp23017_write_reg 06D2                   _i2c_send_address 06A2  
mcp23017_set_slave_addr@address_3b 0071                    ??_mcp23017_init 0072  
              start_initialization 07FB                          _i2c_start 0682  
            __end_of_i2c_read_data 06BD       mcp23017_read_reg@reg_address 0074  
                __size_of_i2c_init 004A                  __size_of_i2c_wait 0007  
                __size_of_i2c_stop 0005              __end_of_i2c_send_data 069A  
                        ___latbits 0001                      __pcstackBANK0 0020  
                       ?_i2c_start 0070                  __size_of_delay_ms 0019  
        ??_mcp23017_set_slave_addr 0070                           ?___lldiv 0070  
                        delay_ms@c 0072                           _SSP1CON2 0216  
             __size_of_i2c_restart 0005    __end_of_mcp23017_set_slave_addr 06A2  
                        main@value 0029                        ??_i2c_start 0070  
                     delay_ms@t_ms 0070           __end_of_i2c_send_address 06AF  
                         _i2c_init 070D                           _i2c_wait 068C  
                         _i2c_stop 0687                   __size_of___lldiv 0052  
                 i2c_init@clock_hz 0020                         _ANSELAbits 018C  
                         _delay_ms 06D2                           __ptext10 0678  
               _mcp23017_write_reg 06BD                           __ptext11 069A  
                         __ptext12 070D                           __ptext13 0757  
                         __ptext14 06D2                       _SSP1CON2bits 0216  
              ?_mcp23017_write_reg 0073                      __size_of_main 0052  
             ??_mcp23017_write_reg 0074                  _mcp23017_read_reg 06EB  
               ?_mcp23017_read_reg 0070              __end_of_mcp23017_init 067D  
                      pic14e$flags 007E                ??_mcp23017_read_reg 0073  
                 ___lldiv@dividend 0074                  __CFG_CLKOUTEN$OFF 0000  
                       _OSCCONbits 0099          __end_of_mcp23017_read_reg 070D  
           __size_of_i2c_read_data 000E                   ___lldiv@quotient 0079  
           mcp23017_read_reg@value 0075             i2c_read_data@read_data 0071  
           __size_of_i2c_send_data 0007  
